# JRE version: Java(TM) SE Runtime Environment (8.0_112-b15) (build 1.8.0_112-b15)
# Java VM: Java HotSpot(TM) 64-Bit Server VM (25.112-b15 mixed mode windows-amd64 compressed oops)
Heap:
 PSYoungGen      total 50176K, used 34168K [0x00000007bc400000, 0x00000007c0000000, 0x00000007c0000000)
  eden space 38400K, 78% used [0x00000007bc400000,0x00000007be14e128,0x00000007be980000)
  from space 11776K, 35% used [0x00000007bf480000,0x00000007bf890000,0x00000007c0000000)
  to   space 11264K, 0% used [0x00000007be980000,0x00000007be980000,0x00000007bf480000)
 ParOldGen       total 314368K, used 173910K [0x0000000700000000, 0x0000000713300000, 0x00000007bc400000)
  object space 314368K, 55% used [0x0000000700000000,0x000000070a9d5a28,0x0000000713300000)
 Metaspace       used 90915K, capacity 91923K, committed 92672K, reserved 1128448K
  class space    used 13307K, capacity 13498K, committed 13568K, reserved 1048576K
GC Heap History (10 events):
Event: 3655.795 GC heap before
{Heap before GC invocations=601 (full 21):
 PSYoungGen      total 47616K, used 37888K [0x00000007bc400000, 0x00000007c0000000, 0x00000007c0000000)
  eden space 33792K, 100% used [0x00000007bc400000,0x00000007be500000,0x00000007be500000)
  from space 13824K, 29% used [0x00000007be500000,0x00000007be900000,0x00000007bf280000)
  to   space 13312K, 0% used [0x00000007bf300000,0x00000007bf300000,0x00000007c0000000)
 ParOldGen       total 314368K, used 173910K [0x0000000700000000, 0x0000000713300000, 0x00000007bc400000)
  object space 314368K, 55% used [0x0000000700000000,0x000000070a9d5a28,0x0000000713300000)
 Metaspace       used 90903K, capacity 91923K, committed 92672K, reserved 1128448K
  class space    used 13307K, capacity 13498K, committed 13568K, reserved 1048576K
Event: 3655.803 GC heap after
Heap after GC invocations=601 (full 21):
 PSYoungGen      total 48640K, used 3936K [0x00000007bc400000, 0x00000007c0000000, 0x00000007c0000000)
  eden space 35328K, 0% used [0x00000007bc400000,0x00000007bc400000,0x00000007be680000)
  from space 13312K, 29% used [0x00000007bf300000,0x00000007bf6d8000,0x00000007c0000000)
  to   space 12800K, 0% used [0x00000007be680000,0x00000007be680000,0x00000007bf300000)
 ParOldGen       total 314368K, used 173910K [0x0000000700000000, 0x0000000713300000, 0x00000007bc400000)
  object space 314368K, 55% used [0x0000000700000000,0x000000070a9d5a28,0x0000000713300000)
 Metaspace       used 90903K, capacity 91923K, committed 92672K, reserved 1128448K
  class space    used 13307K, capacity 13498K, committed 13568K, reserved 1048576K
}
Event: 3656.169 GC heap before
{Heap before GC invocations=602 (full 21):
 PSYoungGen      total 48640K, used 39264K [0x00000007bc400000, 0x00000007c0000000, 0x00000007c0000000)
  eden space 35328K, 100% used [0x00000007bc400000,0x00000007be680000,0x00000007be680000)
  from space 13312K, 29% used [0x00000007bf300000,0x00000007bf6d8000,0x00000007c0000000)
  to   space 12800K, 0% used [0x00000007be680000,0x00000007be680000,0x00000007bf300000)
 ParOldGen       total 314368K, used 173910K [0x0000000700000000, 0x0000000713300000, 0x00000007bc400000)
  object space 314368K, 55% used [0x0000000700000000,0x000000070a9d5a28,0x0000000713300000)
 Metaspace       used 90909K, capacity 91923K, committed 92672K, reserved 1128448K
  class space    used 13307K, capacity 13498K, committed 13568K, reserved 1048576K
Event: 3656.176 GC heap after
Heap after GC invocations=602 (full 21):
 PSYoungGen      total 48128K, used 4160K [0x00000007bc400000, 0x00000007c0000000, 0x00000007c0000000)
  eden space 35328K, 0% used [0x00000007bc400000,0x00000007bc400000,0x00000007be680000)
  from space 12800K, 32% used [0x00000007be680000,0x00000007bea90000,0x00000007bf300000)
  to   space 12288K, 0% used [0x00000007bf400000,0x00000007bf400000,0x00000007c0000000)
 ParOldGen       total 314368K, used 173910K [0x0000000700000000, 0x0000000713300000, 0x00000007bc400000)
  object space 314368K, 55% used [0x0000000700000000,0x000000070a9d5a28,0x0000000713300000)
 Metaspace       used 90909K, capacity 91923K, committed 92672K, reserved 1128448K
  class space    used 13307K, capacity 13498K, committed 13568K, reserved 1048576K
}
Event: 3661.798 GC heap before
{Heap before GC invocations=603 (full 21):
 PSYoungGen      total 48128K, used 39488K [0x00000007bc400000, 0x00000007c0000000, 0x00000007c0000000)
  eden space 35328K, 100% used [0x00000007bc400000,0x00000007be680000,0x00000007be680000)
  from space 12800K, 32% used [0x00000007be680000,0x00000007bea90000,0x00000007bf300000)
  to   space 12288K, 0% used [0x00000007bf400000,0x00000007bf400000,0x00000007c0000000)
 ParOldGen       total 314368K, used 173910K [0x0000000700000000, 0x0000000713300000, 0x00000007bc400000)
  object space 314368K, 55% used [0x0000000700000000,0x000000070a9d5a28,0x0000000713300000)
 Metaspace       used 90909K, capacity 91923K, committed 92672K, reserved 1128448K
  class space    used 13307K, capacity 13498K, committed 13568K, reserved 1048576K
Event: 3661.806 GC heap after
Heap after GC invocations=603 (full 21):
 PSYoungGen      total 49664K, used 4416K [0x00000007bc400000, 0x00000007c0000000, 0x00000007c0000000)
  eden space 37376K, 0% used [0x00000007bc400000,0x00000007bc400000,0x00000007be880000)
  from space 12288K, 35% used [0x00000007bf400000,0x00000007bf850000,0x00000007c0000000)
  to   space 11776K, 0% used [0x00000007be880000,0x00000007be880000,0x00000007bf400000)
 ParOldGen       total 314368K, used 173910K [0x0000000700000000, 0x0000000713300000, 0x00000007bc400000)
  object space 314368K, 55% used [0x0000000700000000,0x000000070a9d5a28,0x0000000713300000)
 Metaspace       used 90909K, capacity 91923K, committed 92672K, reserved 1128448K
  class space    used 13307K, capacity 13498K, committed 13568K, reserved 1048576K
}
Event: 3663.135 GC heap before
{Heap before GC invocations=604 (full 21):
 PSYoungGen      total 49664K, used 41792K [0x00000007bc400000, 0x00000007c0000000, 0x00000007c0000000)
  eden space 37376K, 100% used [0x00000007bc400000,0x00000007be880000,0x00000007be880000)
  from space 12288K, 35% used [0x00000007bf400000,0x00000007bf850000,0x00000007c0000000)
  to   space 11776K, 0% used [0x00000007be880000,0x00000007be880000,0x00000007bf400000)
 ParOldGen       total 314368K, used 173910K [0x0000000700000000, 0x0000000713300000, 0x00000007bc400000)
  object space 314368K, 55% used [0x0000000700000000,0x000000070a9d5a28,0x0000000713300000)
 Metaspace       used 90910K, capacity 91923K, committed 92672K, reserved 1128448K
  class space    used 13307K, capacity 13498K, committed 13568K, reserved 1048576K
Event: 3663.142 GC heap after
Heap after GC invocations=604 (full 21):
 PSYoungGen      total 49152K, used 4128K [0x00000007bc400000, 0x00000007c0000000, 0x00000007c0000000)
  eden space 37376K, 0% used [0x00000007bc400000,0x00000007bc400000,0x00000007be880000)
  from space 11776K, 35% used [0x00000007be880000,0x00000007bec88000,0x00000007bf400000)
  to   space 11776K, 0% used [0x00000007bf480000,0x00000007bf480000,0x00000007c0000000)
 ParOldGen       total 314368K, used 173910K [0x0000000700000000, 0x0000000713300000, 0x00000007bc400000)
  object space 314368K, 55% used [0x0000000700000000,0x000000070a9d5a28,0x0000000713300000)
 Metaspace       used 90910K, capacity 91923K, committed 92672K, reserved 1128448K
  class space    used 13307K, capacity 13498K, committed 13568K, reserved 1048576K
}
Event: 3664.600 GC heap before
{Heap before GC invocations=605 (full 21):
 PSYoungGen      total 49152K, used 41504K [0x00000007bc400000, 0x00000007c0000000, 0x00000007c0000000)
  eden space 37376K, 100% used [0x00000007bc400000,0x00000007be880000,0x00000007be880000)
  from space 11776K, 35% used [0x00000007be880000,0x00000007bec88000,0x00000007bf400000)
  to   space 11776K, 0% used [0x00000007bf480000,0x00000007bf480000,0x00000007c0000000)
 ParOldGen       total 314368K, used 173910K [0x0000000700000000, 0x0000000713300000, 0x00000007bc400000)
  object space 314368K, 55% used [0x0000000700000000,0x000000070a9d5a28,0x0000000713300000)
 Metaspace       used 90914K, capacity 91923K, committed 92672K, reserved 1128448K
  class space    used 13307K, capacity 13498K, committed 13568K, reserved 1048576K
Event: 3664.608 GC heap after
Heap after GC invocations=605 (full 21):
 PSYoungGen      total 50176K, used 4160K [0x00000007bc400000, 0x00000007c0000000, 0x00000007c0000000)
  eden space 38400K, 0% used [0x00000007bc400000,0x00000007bc400000,0x00000007be980000)
  from space 11776K, 35% used [0x00000007bf480000,0x00000007bf890000,0x00000007c0000000)
  to   space 11264K, 0% used [0x00000007be980000,0x00000007be980000,0x00000007bf480000)
 ParOldGen       total 314368K, used 173910K [0x0000000700000000, 0x0000000713300000, 0x00000007bc400000)
  object space 314368K, 55% used [0x0000000700000000,0x000000070a9d5a28,0x0000000713300000)
 Metaspace       used 90914K, capacity 91923K, committed 92672K, reserved 1128448K
  class space    used 13307K, capacity 13498K, committed 13568K, reserved 1048576K
}

